T6444 000:000.679   SEGGER J-Link V8.12c Log File
T6444 000:000.804   DLL Compiled: Jan 22 2025 12:55:59
T6444 000:000.817   Logging started @ 2025-05-11 12:55
T6444 000:000.831   Process: C:\Users\a8456\.eclipse\com.renesas.platform_1309835749\DebugComp\RA\e2-server-gdb.exe
T6444 000:000.848 - 0.844ms 
T6444 000:000.895 JLINK_GetDLLVersion()
T6444 000:000.909 - 0.014ms returns 81203
T6444 000:002.899 JLINK_OpenEx(...)
T6444 000:009.413   Firmware: J-Link V9 compiled May  7 2021 16:26:12
T6444 000:009.914   Firmware: J-Link V9 compiled May  7 2021 16:26:12
T6444 000:010.037   Decompressing FW timestamp took 91 us
T6444 000:015.390   Hardware: V9.60
T6444 000:015.437   S/N: 69660718
T6444 000:015.456   OEM: SEGGER
T6444 000:015.650   Feature(s): RDI, GDB, FlashDL, FlashBP, JFlash
T6444 000:016.044   Bootloader: (FW returned invalid version)
T6444 000:016.708   TELNET listener socket opened on port 19021
T6444 000:016.823   WEBSRV WEBSRV_Init(): Starting webserver thread(s)
T6444 000:016.994   WEBSRV Webserver running on local port 19080
T6444 000:017.102   Looking for J-Link GUI Server exe at: C:\Users\a8456\.eclipse\com.renesas.platform_1309835749\DebugComp\RA\ARM\Segger_v8.12.3\JLinkGUIServer.exe
T6444 000:017.178   Looking for J-Link GUI Server exe at: C:\Program Files\SEGGER\JLink_V818\JLinkGUIServer.exe
T6444 000:017.205   Forking J-Link GUI Server: C:\Program Files\SEGGER\JLink_V818\JLinkGUIServer.exe
T6444 000:040.161   J-Link GUI Server info: "J-Link GUI server V8.18 "
T6444 000:042.901 - 39.993ms returns "O.K."
T6444 000:043.023 JLINK_TIF_Select(JLINKARM_TIF_SWD)
T6444 000:043.507 - 0.485ms returns 0x00
T6444 000:043.528 JLINK_ClrRESET()
T6444 000:043.902 - 0.374ms 
T6444 000:094.727 JLINK_SetSpeed(1500)
T6444 000:094.832 - 0.117ms 
T6444 000:094.843 JLINK_CORESIGHT_Configure(PerformTIFInit=0)
T6444 000:095.190 - 0.349ms returns 0
T6444 000:095.205 JLINK_CORESIGHT_ReadAPDPReg(DP reg 0x00)
T6444 000:095.596   Value=0x6BA02477
T6444 000:095.610 - 0.406ms returns 0
T6444 000:095.618 JLINK_CORESIGHT_WriteAPDPReg(DP reg 0x00, 0x0000001F)
T6444 000:095.810 - 0.191ms returns 0
T6444 000:095.829 JLINK_CORESIGHT_ReadAPDPReg(DP reg 0x00)
T6444 000:095.991   Value=0x6BA02477
T6444 000:096.008 - 0.179ms returns 0
T6444 000:096.017 JLINK_CORESIGHT_WriteAPDPReg(DP reg 0x02, 0x00000000)
T6444 000:096.271 - 0.254ms returns 0
T6444 000:096.283 JLINK_CORESIGHT_WriteAPDPReg(DP reg 0x01, 0x50000000)
T6444 000:096.492 - 0.209ms returns 0
T6444 000:096.513 JLINK_CORESIGHT_ReadAPDPReg(DP reg 0x01)
T6444 000:096.671   Value=0xD0000040
T6444 000:096.679 - 0.166ms returns 0
T6444 000:096.688 JLINK_CORESIGHT_ReadAPDPReg(DP reg 0x01)
T6444 000:096.863   Value=0xD0000040
T6444 000:096.872 - 0.184ms returns 0
T6444 000:096.880 JLINK_CORESIGHT_ReadAPDPReg(DP reg 0x01)
T6444 000:097.044   Value=0xD0000040
T6444 000:097.053 - 0.173ms returns 0
T6444 000:097.060 JLINK_CORESIGHT_ReadAPDPReg(DP reg 0x01)
T6444 000:097.269   Value=0xD0000040
T6444 000:097.286 - 0.226ms returns 0
T6444 000:097.295 JLINK_CORESIGHT_ReadAPDPReg(DP reg 0x01)
T6444 000:097.463   Value=0xD0000040
T6444 000:097.476 - 0.180ms returns 0
T6444 000:097.484 JLINK_CORESIGHT_ReadAPDPReg(DP reg 0x01)
T6444 000:097.656   Value=0xD0000040
T6444 000:097.665 - 0.180ms returns 0
T6444 000:097.672 JLINK_CORESIGHT_ReadAPDPReg(DP reg 0x01)
T6444 000:097.843   Value=0xD0000040
T6444 000:097.853 - 0.181ms returns 0
T6444 000:097.861 JLINK_CORESIGHT_ReadAPDPReg(DP reg 0x01)
T6444 000:098.016   Value=0xF0000040
T6444 000:098.025 - 0.164ms returns 0
T6444 000:098.032 JLINK_CORESIGHT_WriteAPDPReg(DP reg 0x00, 0x0000001F)
T6444 000:098.277 - 0.244ms returns 0
T6444 000:098.295 JLINK_CORESIGHT_ReadAPDPReg(DP reg 0x00)
T6444 000:098.473   Value=0x6BA02477
T6444 000:098.486 - 0.190ms returns 0
T6444 000:098.493 JLINK_CORESIGHT_WriteAPDPReg(DP reg 0x01, 0x54000000)
T6444 000:098.669 - 0.176ms returns 0
T6444 000:098.677 JLINK_CORESIGHT_WriteAPDPReg(DP reg 0x01, 0x50000F00)
T6444 000:098.845 - 0.167ms returns 0
T6444 000:098.852 JLINK_CORESIGHT_WriteAPDPReg(DP reg 0x02, 0x01000000)
T6444 000:099.065 - 0.212ms returns 0
T6444 000:099.079 JLINK_CORESIGHT_WriteAPDPReg(AP reg 0x00, 0x80000002)
T6444 000:099.268 - 0.188ms returns 0
T6444 000:099.281 JLINK_CORESIGHT_WriteAPDPReg(AP reg 0x01, 0x80011100)
T6444 000:099.469 - 0.188ms returns 0
T6444 000:099.482 JLINK_CORESIGHT_WriteAPDPReg(AP reg 0x03, 0x000000A5)
T6444 000:099.641 - 0.159ms returns 0
T6444 000:099.649 JLINK_CORESIGHT_WriteAPDPReg(AP reg 0x00, 0x80000002)
T6444 000:099.824 - 0.175ms returns 0
T6444 000:099.833 JLINK_CORESIGHT_WriteAPDPReg(AP reg 0x01, 0x80011100)
T6444 000:099.990 - 0.157ms returns 0
T6444 000:099.998 JLINK_CORESIGHT_ReadAPDPReg(AP reg 0x03)
T6444 000:100.227   Value=0x000000A5
T6444 000:100.257 - 0.258ms returns 0
T6444 000:100.273 JLINK_ClrTMS()
T6444 000:100.314 - 0.040ms 
T6444 000:106.193 JLINK_SetTCK()
T6444 000:106.288 - 0.093ms returns 0
T6444 000:111.439 JLINK_SetRESET()
T6444 000:111.514 - 0.075ms 
T6444 000:311.899 JLINK_CORESIGHT_WriteAPDPReg(AP reg 0x00, 0x80000002)
T6444 000:312.234 - 0.332ms returns 0
T6444 000:312.297 JLINK_CORESIGHT_WriteAPDPReg(AP reg 0x01, 0x80011100)
T6444 000:312.520 - 0.222ms returns 0
T6444 000:312.552 JLINK_CORESIGHT_ReadAPDPReg(AP reg 0x03)
T6444 000:312.837   Value=0x00000000
T6444 000:312.856 - 0.303ms returns 0
T6444 000:312.873 JLINK_CORESIGHT_WriteAPDPReg(AP reg 0x00, 0x80000002)
T6444 000:313.058 - 0.184ms returns 0
T6444 000:313.072 JLINK_CORESIGHT_WriteAPDPReg(AP reg 0x01, 0x80011140)
T6444 000:313.278 - 0.206ms returns 0
T6444 000:313.296 JLINK_CORESIGHT_ReadAPDPReg(AP reg 0x03)
T6444 000:313.566   Value=0x00000002
T6444 000:313.599 - 0.302ms returns 0
T6444 000:313.615 JLINK_CORESIGHT_WriteAPDPReg(AP reg 0x00, 0x80000002)
T6444 000:313.797 - 0.181ms returns 0
T6444 000:313.811 JLINK_CORESIGHT_WriteAPDPReg(AP reg 0x01, 0x80011120)
T6444 000:314.029 - 0.217ms returns 0
T6444 000:314.044 JLINK_CORESIGHT_WriteAPDPReg(AP reg 0x03, 0x00000055)
T6444 000:314.276 - 0.232ms returns 0
T6444 000:314.284 JLINK_CORESIGHT_WriteAPDPReg(AP reg 0x00, 0x80000002)
T6444 000:314.440 - 0.155ms returns 0
T6444 000:314.447 JLINK_CORESIGHT_WriteAPDPReg(AP reg 0x01, 0x80011140)
T6444 000:314.616 - 0.168ms returns 0
T6444 000:314.624 JLINK_CORESIGHT_ReadAPDPReg(AP reg 0x03)
T6444 000:314.857   Value=0x00000000
T6444 000:314.872 - 0.248ms returns 0
T6444 000:314.881 JLINK_CORESIGHT_WriteAPDPReg(AP reg 0x00, 0x80000002)
T6444 000:315.138 - 0.257ms returns 0
T6444 000:315.145 JLINK_CORESIGHT_WriteAPDPReg(AP reg 0x01, 0x80011130)
T6444 000:315.314 - 0.168ms returns 0
T6444 000:315.321 JLINK_CORESIGHT_ReadAPDPReg(AP reg 0x03)
T6444 000:315.560   Value=0x000000C6
T6444 000:315.569 - 0.247ms returns 0
T6444 000:315.589 JLINK_CORESIGHT_WriteAPDPReg(AP reg 0x00, 0x80000002)
T6444 000:315.748 - 0.159ms returns 0
T6444 000:315.758 JLINK_CORESIGHT_WriteAPDPReg(AP reg 0x01, 0x80011140)
T6444 000:315.980 - 0.222ms returns 0
T6444 000:315.989 JLINK_CORESIGHT_ReadAPDPReg(AP reg 0x03)
T6444 000:316.237   Value=0x00000002
T6444 000:316.263 - 0.273ms returns 0
T6444 000:316.277 JLINK_CORESIGHT_WriteAPDPReg(AP reg 0x00, 0x80000002)
T6444 000:316.463 - 0.186ms returns 0
T6444 000:316.479 JLINK_CORESIGHT_WriteAPDPReg(AP reg 0x01, 0x80011120)
T6444 000:316.689 - 0.210ms returns 0
T6444 000:316.697 JLINK_CORESIGHT_WriteAPDPReg(AP reg 0x03, 0x3A010001)
T6444 000:316.867 - 0.170ms returns 0
T6444 000:316.880 JLINK_CORESIGHT_WriteAPDPReg(AP reg 0x00, 0x80000002)
T6444 000:317.045 - 0.165ms returns 0
T6444 000:317.052 JLINK_CORESIGHT_WriteAPDPReg(AP reg 0x01, 0x80011140)
T6444 000:317.281 - 0.228ms returns 0
T6444 000:317.290 JLINK_CORESIGHT_ReadAPDPReg(AP reg 0x03)
T6444 000:317.515   Value=0x00000002
T6444 000:317.531 - 0.241ms returns 0
T6444 000:317.539 JLINK_CORESIGHT_WriteAPDPReg(AP reg 0x00, 0x80000002)
T6444 000:317.705 - 0.165ms returns 0
T6444 000:317.712 JLINK_CORESIGHT_WriteAPDPReg(AP reg 0x01, 0x80011120)
T6444 000:317.887 - 0.174ms returns 0
T6444 000:317.895 JLINK_CORESIGHT_WriteAPDPReg(AP reg 0x03, 0x000003C5)
T6444 000:318.141 - 0.245ms returns 0
T6444 000:318.168 JLINK_CORESIGHT_WriteAPDPReg(AP reg 0x00, 0x80000002)
T6444 000:318.335 - 0.168ms returns 0
T6444 000:318.346 JLINK_CORESIGHT_WriteAPDPReg(AP reg 0x01, 0x80011140)
T6444 000:318.560 - 0.214ms returns 0
T6444 000:318.567 JLINK_CORESIGHT_ReadAPDPReg(AP reg 0x03)
T6444 000:318.845   Value=0x00000002
T6444 000:318.911 - 0.343ms returns 0
T6444 000:318.926 JLINK_CORESIGHT_ReadAPDPReg(AP reg 0x03)
T6444 000:319.315   Value=0x00000002
T6444 000:319.327 - 0.400ms returns 0
T6444 000:319.335 JLINK_CORESIGHT_ReadAPDPReg(AP reg 0x03)
T6444 000:319.593   Value=0x00000002
T6444 000:319.624 - 0.289ms returns 0
T6444 000:319.639 JLINK_CORESIGHT_ReadAPDPReg(AP reg 0x03)
T6444 000:319.864   Value=0x00000002
T6444 000:319.890 - 0.251ms returns 0
T6444 000:319.905 JLINK_CORESIGHT_ReadAPDPReg(AP reg 0x03)
T6444 000:320.150   Value=0x00000002
T6444 000:320.182 - 0.276ms returns 0
T6444 000:320.197 JLINK_CORESIGHT_ReadAPDPReg(AP reg 0x03)
T6444 000:320.517   Value=0x00000002
T6444 000:320.544 - 0.347ms returns 0
T6444 000:320.558 JLINK_CORESIGHT_ReadAPDPReg(AP reg 0x03)
T6444 000:320.828   Value=0x00000002
T6444 000:320.853 - 0.294ms returns 0
T6444 000:320.867 JLINK_CORESIGHT_ReadAPDPReg(AP reg 0x03)
T6444 000:321.142   Value=0x00000002
T6444 000:321.162 - 0.295ms returns 0
T6444 000:321.173 JLINK_CORESIGHT_ReadAPDPReg(AP reg 0x03)
T6444 000:321.387   Value=0x00000000
T6444 000:321.395 - 0.222ms returns 0
T6444 000:321.403 JLINK_CORESIGHT_WriteAPDPReg(AP reg 0x00, 0x80000002)
T6444 000:321.567 - 0.164ms returns 0
T6444 000:321.574 JLINK_CORESIGHT_WriteAPDPReg(AP reg 0x01, 0x80011130)
T6444 000:321.749 - 0.174ms returns 0
T6444 000:321.756 JLINK_CORESIGHT_ReadAPDPReg(AP reg 0x03)
T6444 000:321.972   Value=0x3A2A0081
T6444 000:321.988 - 0.232ms returns 0
T6444 000:321.997 JLINK_CORESIGHT_WriteAPDPReg(AP reg 0x00, 0x80000002)
T6444 000:322.207 - 0.210ms returns 0
T6444 000:322.219 JLINK_CORESIGHT_WriteAPDPReg(AP reg 0x01, 0x80011140)
T6444 000:322.436 - 0.217ms returns 0
T6444 000:322.444 JLINK_CORESIGHT_ReadAPDPReg(AP reg 0x03)
T6444 000:322.688   Value=0x00000000
T6444 000:322.705 - 0.260ms returns 0
T6444 000:322.714 JLINK_CORESIGHT_WriteAPDPReg(AP reg 0x00, 0x80000002)
T6444 000:322.902 - 0.187ms returns 0
T6444 000:322.915 JLINK_CORESIGHT_WriteAPDPReg(AP reg 0x01, 0x80011130)
T6444 000:323.145 - 0.229ms returns 0
T6444 000:323.168 JLINK_CORESIGHT_ReadAPDPReg(AP reg 0x03)
T6444 000:323.390   Value=0x80841E00
T6444 000:323.405 - 0.237ms returns 0
T6444 000:323.415 JLINK_CORESIGHT_WriteAPDPReg(AP reg 0x00, 0x80000002)
T6444 000:323.642 - 0.227ms returns 0
T6444 000:323.650 JLINK_CORESIGHT_WriteAPDPReg(AP reg 0x01, 0x80011140)
T6444 000:323.811 - 0.160ms returns 0
T6444 000:323.821 JLINK_CORESIGHT_ReadAPDPReg(AP reg 0x03)
T6444 000:324.041   Value=0x00000000
T6444 000:324.050 - 0.229ms returns 0
T6444 000:324.057 JLINK_CORESIGHT_WriteAPDPReg(AP reg 0x00, 0x80000002)
T6444 000:324.289 - 0.231ms returns 0
T6444 000:324.296 JLINK_CORESIGHT_WriteAPDPReg(AP reg 0x01, 0x80011130)
T6444 000:324.465 - 0.168ms returns 0
T6444 000:324.492 JLINK_CORESIGHT_ReadAPDPReg(AP reg 0x03)
T6444 000:324.738   Value=0x000D0803
T6444 000:324.754 - 0.262ms returns 0
T6444 000:324.762 JLINK_CORESIGHT_WriteAPDPReg(AP reg 0x00, 0x80000002)
T6444 000:324.985 - 0.222ms returns 0
T6444 000:325.012 JLINK_CORESIGHT_WriteAPDPReg(AP reg 0x01, 0x80011140)
T6444 000:325.296 - 0.283ms returns 0
T6444 000:325.324 JLINK_CORESIGHT_ReadAPDPReg(AP reg 0x03)
T6444 000:325.565   Value=0x00000000
T6444 000:325.589 - 0.265ms returns 0
T6444 000:325.605 JLINK_CORESIGHT_WriteAPDPReg(AP reg 0x00, 0x80000002)
T6444 000:325.807 - 0.201ms returns 0
T6444 000:325.832 JLINK_CORESIGHT_WriteAPDPReg(AP reg 0x01, 0x80011130)
T6444 000:326.020 - 0.188ms returns 0
T6444 000:326.042 JLINK_CORESIGHT_ReadAPDPReg(AP reg 0x03)
T6444 000:326.334   Value=0x31574B02
T6444 000:326.351 - 0.309ms returns 0
T6444 000:326.375 JLINK_CORESIGHT_WriteAPDPReg(AP reg 0x00, 0x80000002)
T6444 000:326.618 - 0.242ms returns 0
T6444 000:326.638 JLINK_CORESIGHT_WriteAPDPReg(AP reg 0x01, 0x80011140)
T6444 000:326.911 - 0.273ms returns 0
T6444 000:326.960 JLINK_CORESIGHT_ReadAPDPReg(AP reg 0x03)
T6444 000:327.199   Value=0x00000000
T6444 000:327.226 - 0.265ms returns 0
T6444 000:327.248 JLINK_CORESIGHT_WriteAPDPReg(AP reg 0x00, 0x80000002)
T6444 000:327.413 - 0.165ms returns 0
T6444 000:327.422 JLINK_CORESIGHT_WriteAPDPReg(AP reg 0x01, 0x80011130)
T6444 000:327.581 - 0.159ms returns 0
T6444 000:327.589 JLINK_CORESIGHT_ReadAPDPReg(AP reg 0x03)
T6444 000:327.799   Value=0x33D8AB74
T6444 000:327.812 - 0.223ms returns 0
T6444 000:327.822 JLINK_CORESIGHT_WriteAPDPReg(AP reg 0x00, 0x80000002)
T6444 000:327.984 - 0.163ms returns 0
T6444 000:327.993 JLINK_CORESIGHT_WriteAPDPReg(AP reg 0x01, 0x80011140)
T6444 000:328.183 - 0.190ms returns 0
T6444 000:328.207 JLINK_CORESIGHT_ReadAPDPReg(AP reg 0x03)
T6444 000:328.414   Value=0x00000000
T6444 000:328.423 - 0.216ms returns 0
T6444 000:328.430 JLINK_CORESIGHT_WriteAPDPReg(AP reg 0x00, 0x80000002)
T6444 000:328.592 - 0.161ms returns 0
T6444 000:328.600 JLINK_CORESIGHT_WriteAPDPReg(AP reg 0x01, 0x80011130)
T6444 000:328.766 - 0.166ms returns 0
T6444 000:328.774 JLINK_CORESIGHT_ReadAPDPReg(AP reg 0x03)
T6444 000:329.016   Value=0x30383334
T6444 000:329.026 - 0.252ms returns 0
T6444 000:329.034 JLINK_CORESIGHT_WriteAPDPReg(AP reg 0x00, 0x80000002)
T6444 000:329.280 - 0.246ms returns 0
T6444 000:329.288 JLINK_CORESIGHT_WriteAPDPReg(AP reg 0x01, 0x80011140)
T6444 000:329.442 - 0.153ms returns 0
T6444 000:329.450 JLINK_CORESIGHT_ReadAPDPReg(AP reg 0x03)
T6444 000:329.668   Value=0x00000000
T6444 000:329.677 - 0.226ms returns 0
T6444 000:329.684 JLINK_CORESIGHT_WriteAPDPReg(AP reg 0x00, 0x80000002)
T6444 000:329.852 - 0.168ms returns 0
T6444 000:329.862 JLINK_CORESIGHT_WriteAPDPReg(AP reg 0x01, 0x80011130)
T6444 000:330.044 - 0.182ms returns 0
T6444 000:330.053 JLINK_CORESIGHT_ReadAPDPReg(AP reg 0x03)
T6444 000:330.324   Value=0x25123130
T6444 000:330.333 - 0.280ms returns 0
T6444 000:330.340 JLINK_CORESIGHT_WriteAPDPReg(AP reg 0x00, 0x80000002)
T6444 000:330.516 - 0.176ms returns 0
T6444 000:330.524 JLINK_CORESIGHT_WriteAPDPReg(AP reg 0x01, 0x80011140)
T6444 000:330.681 - 0.156ms returns 0
T6444 000:330.689 JLINK_CORESIGHT_ReadAPDPReg(AP reg 0x03)
T6444 000:330.898   Value=0x00000000
T6444 000:330.908 - 0.219ms returns 0
T6444 000:330.916 JLINK_CORESIGHT_WriteAPDPReg(AP reg 0x00, 0x80000002)
T6444 000:331.138 - 0.221ms returns 0
T6444 000:331.146 JLINK_CORESIGHT_WriteAPDPReg(AP reg 0x01, 0x80011130)
T6444 000:331.312 - 0.165ms returns 0
T6444 000:331.319 JLINK_CORESIGHT_ReadAPDPReg(AP reg 0x03)
T6444 000:331.544   Value=0x46375225
T6444 000:331.552 - 0.233ms returns 0
T6444 000:331.560 JLINK_CORESIGHT_WriteAPDPReg(AP reg 0x00, 0x80000002)
T6444 000:331.720 - 0.161ms returns 0
T6444 000:331.729 JLINK_CORESIGHT_WriteAPDPReg(AP reg 0x01, 0x80011140)
T6444 000:331.888 - 0.159ms returns 0
T6444 000:331.898 JLINK_CORESIGHT_ReadAPDPReg(AP reg 0x03)
T6444 000:332.138   Value=0x00000000
T6444 000:332.147 - 0.249ms returns 0
T6444 000:332.155 JLINK_CORESIGHT_WriteAPDPReg(AP reg 0x00, 0x80000002)
T6444 000:332.311 - 0.156ms returns 0
T6444 000:332.319 JLINK_CORESIGHT_WriteAPDPReg(AP reg 0x01, 0x80011130)
T6444 000:332.489 - 0.170ms returns 0
T6444 000:332.499 JLINK_CORESIGHT_ReadAPDPReg(AP reg 0x03)
T6444 000:332.718   Value=0x314C3441
T6444 000:332.727 - 0.227ms returns 0
T6444 000:332.735 JLINK_CORESIGHT_WriteAPDPReg(AP reg 0x00, 0x80000002)
T6444 000:332.914 - 0.179ms returns 0
T6444 000:332.924 JLINK_CORESIGHT_WriteAPDPReg(AP reg 0x01, 0x80011140)
T6444 000:333.137 - 0.213ms returns 0
T6444 000:333.146 JLINK_CORESIGHT_ReadAPDPReg(AP reg 0x03)
T6444 000:333.365   Value=0x00000000
T6444 000:333.374 - 0.228ms returns 0
T6444 000:333.381 JLINK_CORESIGHT_WriteAPDPReg(AP reg 0x00, 0x80000002)
T6444 000:333.543 - 0.162ms returns 0
T6444 000:333.551 JLINK_CORESIGHT_WriteAPDPReg(AP reg 0x01, 0x80011130)
T6444 000:333.717 - 0.165ms returns 0
T6444 000:333.727 JLINK_CORESIGHT_ReadAPDPReg(AP reg 0x03)
T6444 000:333.939   Value=0x43344442
T6444 000:333.948 - 0.221ms returns 0
T6444 000:333.957 JLINK_CORESIGHT_WriteAPDPReg(AP reg 0x00, 0x80000002)
T6444 000:334.138 - 0.181ms returns 0
T6444 000:334.146 JLINK_CORESIGHT_WriteAPDPReg(AP reg 0x01, 0x80011140)
T6444 000:334.312 - 0.165ms returns 0
T6444 000:334.320 JLINK_CORESIGHT_ReadAPDPReg(AP reg 0x03)
T6444 000:334.544   Value=0x00000000
T6444 000:334.552 - 0.232ms returns 0
T6444 000:334.560 JLINK_CORESIGHT_WriteAPDPReg(AP reg 0x00, 0x80000002)
T6444 000:334.721 - 0.161ms returns 0
T6444 000:334.729 JLINK_CORESIGHT_WriteAPDPReg(AP reg 0x01, 0x80011130)
T6444 000:334.900 - 0.170ms returns 0
T6444 000:334.910 JLINK_CORESIGHT_ReadAPDPReg(AP reg 0x03)
T6444 000:335.138   Value=0x20205046
T6444 000:335.147 - 0.236ms returns 0
T6444 000:335.155 JLINK_CORESIGHT_WriteAPDPReg(AP reg 0x00, 0x80000002)
T6444 000:335.313 - 0.158ms returns 0
T6444 000:335.321 JLINK_CORESIGHT_WriteAPDPReg(AP reg 0x01, 0x80011140)
T6444 000:335.496 - 0.174ms returns 0
T6444 000:335.529 JLINK_CORESIGHT_ReadAPDPReg(AP reg 0x03)
T6444 000:335.792   Value=0x00000000
T6444 000:335.819 - 0.290ms returns 0
T6444 000:335.903 JLINK_CORESIGHT_WriteAPDPReg(AP reg 0x00, 0x80000002)
T6444 000:336.428 - 0.526ms returns 0
T6444 000:336.477 JLINK_CORESIGHT_WriteAPDPReg(AP reg 0x01, 0x80011130)
T6444 000:336.730 - 0.253ms returns 0
T6444 000:336.756 JLINK_CORESIGHT_ReadAPDPReg(AP reg 0x03)
T6444 000:337.023   Value=0x00032320
T6444 000:337.052 - 0.296ms returns 0
T6444 000:337.162 JLINK_CORESIGHT_WriteAPDPReg(AP reg 0x00, 0x80000002)
T6444 000:337.393 - 0.231ms returns 0
T6444 000:337.418 JLINK_CORESIGHT_WriteAPDPReg(AP reg 0x01, 0x80011140)
T6444 000:337.644 - 0.226ms returns 0
T6444 000:337.662 JLINK_CORESIGHT_ReadAPDPReg(AP reg 0x03)
T6444 000:337.900   Value=0x00000002
T6444 000:337.910 - 0.248ms returns 0
T6444 000:337.918 JLINK_CORESIGHT_WriteAPDPReg(AP reg 0x00, 0x80000002)
T6444 000:338.180 - 0.261ms returns 0
T6444 000:338.203 JLINK_CORESIGHT_WriteAPDPReg(AP reg 0x01, 0x80011120)
T6444 000:338.365 - 0.162ms returns 0
T6444 000:338.381 JLINK_CORESIGHT_WriteAPDPReg(AP reg 0x03, 0x2C010001)
T6444 000:338.562 - 0.180ms returns 0
T6444 000:338.572 JLINK_CORESIGHT_WriteAPDPReg(AP reg 0x00, 0x80000002)
T6444 000:338.736 - 0.163ms returns 0
T6444 000:338.744 JLINK_CORESIGHT_WriteAPDPReg(AP reg 0x01, 0x80011140)
T6444 000:338.938 - 0.193ms returns 0
T6444 000:338.954 JLINK_CORESIGHT_ReadAPDPReg(AP reg 0x03)
T6444 000:339.168   Value=0x00000002
T6444 000:339.177 - 0.222ms returns 0
T6444 000:339.184 JLINK_CORESIGHT_WriteAPDPReg(AP reg 0x00, 0x80000002)
T6444 000:339.342 - 0.158ms returns 0
T6444 000:339.366 JLINK_CORESIGHT_WriteAPDPReg(AP reg 0x01, 0x80011120)
T6444 000:339.560 - 0.194ms returns 0
T6444 000:339.568 JLINK_CORESIGHT_WriteAPDPReg(AP reg 0x03, 0x000003D3)
T6444 000:339.737 - 0.169ms returns 0
T6444 000:339.759 JLINK_CORESIGHT_WriteAPDPReg(AP reg 0x00, 0x80000002)
T6444 000:339.937 - 0.178ms returns 0
T6444 000:339.947 JLINK_CORESIGHT_WriteAPDPReg(AP reg 0x01, 0x80011140)
T6444 000:340.138 - 0.191ms returns 0
T6444 000:340.148 JLINK_CORESIGHT_ReadAPDPReg(AP reg 0x03)
T6444 000:340.358   Value=0x00000002
T6444 000:340.368 - 0.219ms returns 0
T6444 000:340.375 JLINK_CORESIGHT_ReadAPDPReg(AP reg 0x03)
T6444 000:340.586   Value=0x00000002
T6444 000:340.595 - 0.219ms returns 0
T6444 000:340.601 JLINK_CORESIGHT_ReadAPDPReg(AP reg 0x03)
T6444 000:340.810   Value=0x00000002
T6444 000:340.820 - 0.218ms returns 0
T6444 000:340.827 JLINK_CORESIGHT_ReadAPDPReg(AP reg 0x03)
T6444 000:341.060   Value=0x00000002
T6444 000:341.068 - 0.240ms returns 0
T6444 000:341.075 JLINK_CORESIGHT_ReadAPDPReg(AP reg 0x03)
T6444 000:341.313   Value=0x00000002
T6444 000:341.322 - 0.247ms returns 0
T6444 000:341.329 JLINK_CORESIGHT_ReadAPDPReg(AP reg 0x03)
T6444 000:341.560   Value=0x00000002
T6444 000:341.568 - 0.239ms returns 0
T6444 000:341.575 JLINK_CORESIGHT_ReadAPDPReg(AP reg 0x03)
T6444 000:341.764   Value=0x00000002
T6444 000:341.776 - 0.201ms returns 0
T6444 000:341.784 JLINK_CORESIGHT_ReadAPDPReg(AP reg 0x03)
T6444 000:341.986   Value=0x00000002
T6444 000:341.994 - 0.210ms returns 0
T6444 000:342.001 JLINK_CORESIGHT_ReadAPDPReg(AP reg 0x03)
T6444 000:342.193   Value=0x00000002
T6444 000:342.204 - 0.202ms returns 0
T6444 000:342.211 JLINK_CORESIGHT_ReadAPDPReg(AP reg 0x03)
T6444 000:342.425   Value=0x00000002
T6444 000:342.433 - 0.222ms returns 0
T6444 000:342.440 JLINK_CORESIGHT_ReadAPDPReg(AP reg 0x03)
T6444 000:342.651   Value=0x00000002
T6444 000:342.659 - 0.219ms returns 0
T6444 000:342.666 JLINK_CORESIGHT_ReadAPDPReg(AP reg 0x03)
T6444 000:342.855   Value=0x00000002
T6444 000:342.867 - 0.201ms returns 0
T6444 000:342.875 JLINK_CORESIGHT_ReadAPDPReg(AP reg 0x03)
T6444 000:343.141   Value=0x00000002
T6444 000:343.158 - 0.283ms returns 0
T6444 000:343.167 JLINK_CORESIGHT_ReadAPDPReg(AP reg 0x03)
T6444 000:343.389   Value=0x00000002
T6444 000:343.403 - 0.236ms returns 0
T6444 000:343.411 JLINK_CORESIGHT_ReadAPDPReg(AP reg 0x03)
T6444 000:343.613   Value=0x00000002
T6444 000:343.622 - 0.210ms returns 0
T6444 000:343.628 JLINK_CORESIGHT_ReadAPDPReg(AP reg 0x03)
T6444 000:343.855   Value=0x00000000
T6444 000:343.867 - 0.238ms returns 0
T6444 000:343.875 JLINK_CORESIGHT_WriteAPDPReg(AP reg 0x00, 0x80000002)
T6444 000:344.161 - 0.286ms returns 0
T6444 000:344.169 JLINK_CORESIGHT_WriteAPDPReg(AP reg 0x01, 0x80011130)
T6444 000:344.350 - 0.180ms returns 0
T6444 000:344.373 JLINK_CORESIGHT_ReadAPDPReg(AP reg 0x03)
T6444 000:344.607   Value=0x2C020081
T6444 000:344.623 - 0.250ms returns 0
T6444 000:344.636 JLINK_CORESIGHT_WriteAPDPReg(AP reg 0x00, 0x80000002)
T6444 000:344.814 - 0.177ms returns 0
T6444 000:344.835 JLINK_CORESIGHT_WriteAPDPReg(AP reg 0x01, 0x80011140)
T6444 000:345.016 - 0.180ms returns 0
T6444 000:345.031 JLINK_CORESIGHT_ReadAPDPReg(AP reg 0x03)
T6444 000:345.335   Value=0x00000000
T6444 000:345.349 - 0.317ms returns 0
T6444 000:345.357 JLINK_CORESIGHT_WriteAPDPReg(AP reg 0x00, 0x80000002)
T6444 000:345.563 - 0.206ms returns 0
T6444 000:345.570 JLINK_CORESIGHT_WriteAPDPReg(AP reg 0x01, 0x80011130)
T6444 000:345.741 - 0.171ms returns 0
T6444 000:345.754 JLINK_CORESIGHT_ReadAPDPReg(AP reg 0x03)
T6444 000:346.005   Value=0x0003D002
T6444 000:346.013 - 0.259ms returns 0
T6444 000:346.029 JLINK_CORESIGHT_WriteAPDPReg(AP reg 0x00, 0x80000002)
T6444 000:346.273 - 0.245ms returns 0
T6444 000:346.281 JLINK_CORESIGHT_WriteAPDPReg(AP reg 0x01, 0x80011140)
T6444 000:346.446 - 0.166ms returns 0
T6444 000:346.454 JLINK_CORESIGHT_ReadAPDPReg(AP reg 0x03)
T6444 000:346.685   Value=0x00000002
T6444 000:346.693 - 0.239ms returns 0
T6444 000:346.700 JLINK_CORESIGHT_WriteAPDPReg(AP reg 0x00, 0x80000002)
T6444 000:346.861 - 0.160ms returns 0
T6444 000:346.869 JLINK_CORESIGHT_WriteAPDPReg(AP reg 0x01, 0x80011120)
T6444 000:347.042 - 0.173ms returns 0
T6444 000:347.050 JLINK_CORESIGHT_WriteAPDPReg(AP reg 0x03, 0x4F010001)
T6444 000:347.272 - 0.222ms returns 0
T6444 000:347.307 JLINK_CORESIGHT_WriteAPDPReg(AP reg 0x00, 0x80000002)
T6444 000:347.515 - 0.208ms returns 0
T6444 000:347.527 JLINK_CORESIGHT_WriteAPDPReg(AP reg 0x01, 0x80011140)
T6444 000:347.692 - 0.165ms returns 0
T6444 000:347.700 JLINK_CORESIGHT_ReadAPDPReg(AP reg 0x03)
T6444 000:347.967   Value=0x00000002
T6444 000:347.984 - 0.284ms returns 0
T6444 000:347.993 JLINK_CORESIGHT_WriteAPDPReg(AP reg 0x00, 0x80000002)
T6444 000:348.183 - 0.190ms returns 0
T6444 000:348.191 JLINK_CORESIGHT_WriteAPDPReg(AP reg 0x01, 0x80011120)
T6444 000:348.359 - 0.168ms returns 0
T6444 000:348.366 JLINK_CORESIGHT_WriteAPDPReg(AP reg 0x03, 0x000003B0)
T6444 000:348.542 - 0.176ms returns 0
T6444 000:348.549 JLINK_CORESIGHT_WriteAPDPReg(AP reg 0x00, 0x80000002)
T6444 000:348.723 - 0.173ms returns 0
T6444 000:348.739 JLINK_CORESIGHT_WriteAPDPReg(AP reg 0x01, 0x80011140)
T6444 000:348.936 - 0.197ms returns 0
T6444 000:348.945 JLINK_CORESIGHT_ReadAPDPReg(AP reg 0x03)
T6444 000:349.184   Value=0x00000000
T6444 000:349.199 - 0.253ms returns 0
T6444 000:349.207 JLINK_CORESIGHT_WriteAPDPReg(AP reg 0x00, 0x80000002)
T6444 000:349.363 - 0.156ms returns 0
T6444 000:349.370 JLINK_CORESIGHT_WriteAPDPReg(AP reg 0x01, 0x80011130)
T6444 000:349.543 - 0.172ms returns 0
T6444 000:349.551 JLINK_CORESIGHT_ReadAPDPReg(AP reg 0x03)
T6444 000:349.762   Value=0x4F0B0081
T6444 000:349.773 - 0.222ms returns 0
T6444 000:349.780 JLINK_CORESIGHT_WriteAPDPReg(AP reg 0x00, 0x80000002)
T6444 000:350.000 - 0.219ms returns 0
T6444 000:350.012 JLINK_CORESIGHT_WriteAPDPReg(AP reg 0x01, 0x80011140)
T6444 000:350.198 - 0.186ms returns 0
T6444 000:350.214 JLINK_CORESIGHT_ReadAPDPReg(AP reg 0x03)
T6444 000:350.469   Value=0x00000000
T6444 000:350.480 - 0.266ms returns 0
T6444 000:350.488 JLINK_CORESIGHT_WriteAPDPReg(AP reg 0x00, 0x80000002)
T6444 000:350.658 - 0.170ms returns 0
T6444 000:350.672 JLINK_CORESIGHT_WriteAPDPReg(AP reg 0x01, 0x80011130)
T6444 000:350.830 - 0.158ms returns 0
T6444 000:350.838 JLINK_CORESIGHT_ReadAPDPReg(AP reg 0x03)
T6444 000:351.049   Value=0x80007100
T6444 000:351.058 - 0.219ms returns 0
T6444 000:351.066 JLINK_CORESIGHT_WriteAPDPReg(AP reg 0x00, 0x80000002)
T6444 000:351.276 - 0.210ms returns 0
T6444 000:351.284 JLINK_CORESIGHT_WriteAPDPReg(AP reg 0x01, 0x80011140)
T6444 000:351.444 - 0.160ms returns 0
T6444 000:351.451 JLINK_CORESIGHT_ReadAPDPReg(AP reg 0x03)
T6444 000:351.684   Value=0x00000000
T6444 000:351.693 - 0.241ms returns 0
T6444 000:351.700 JLINK_CORESIGHT_WriteAPDPReg(AP reg 0x00, 0x80000002)
T6444 000:351.880 - 0.179ms returns 0
T6444 000:351.898 JLINK_CORESIGHT_WriteAPDPReg(AP reg 0x01, 0x80011130)
T6444 000:352.061 - 0.163ms returns 0
T6444 000:352.073 JLINK_CORESIGHT_ReadAPDPReg(AP reg 0x03)
T6444 000:352.438   Value=0x36000000
T6444 000:352.469 - 0.395ms returns 0
T6444 000:352.484 JLINK_CORESIGHT_WriteAPDPReg(AP reg 0x00, 0x80000002)
T6444 000:352.727 - 0.242ms returns 0
T6444 000:352.742 JLINK_CORESIGHT_WriteAPDPReg(AP reg 0x01, 0x80011140)
T6444 000:352.941 - 0.199ms returns 0
T6444 000:352.952 JLINK_CORESIGHT_ReadAPDPReg(AP reg 0x03)
T6444 000:353.199   Value=0x00000000
T6444 000:353.225 - 0.273ms returns 0
T6444 000:353.239 JLINK_CORESIGHT_WriteAPDPReg(AP reg 0x00, 0x80000002)
T6444 000:353.424 - 0.185ms returns 0
T6444 000:353.438 JLINK_CORESIGHT_WriteAPDPReg(AP reg 0x01, 0x80011130)
T6444 000:353.613 - 0.174ms returns 0
T6444 000:353.626 JLINK_CORESIGHT_ReadAPDPReg(AP reg 0x03)
T6444 000:353.904   Value=0x03473800
T6444 000:353.929 - 0.302ms returns 0
T6444 000:354.145 JLINK_CORESIGHT_ReadAPDPReg(DP reg 0x01)
T6444 000:354.408   Value=0xF0000F40
T6444 000:354.431 - 0.286ms returns 0
T6444 000:354.444 JLINK_CORESIGHT_WriteAPDPReg(DP reg 0x01, 0xA0000F40)
T6444 000:354.671 - 0.227ms returns 0
T6444 000:354.687 JLINK_CORESIGHT_ReadAPDPReg(DP reg 0x01)
T6444 000:354.901   Value=0x00000F40
T6444 000:354.918 - 0.231ms returns 0
T6444 000:354.930 JLINK_ClrRESET()
T6444 000:355.353 - 0.422ms 
T6444 000:461.918 JLINK_Close()
T6444 000:476.322 - 14.402ms
T6444 000:476.371   
T6444 000:476.377   Closed
